[2026-06-17 09:26:05] production.ERROR: require(C:\Users\loose\OneDrive\Desktop\My_Projects\AntecoConnect\backend\bootstrap/../routes/web.php): Failed to open stream: No such file or directory {"exception":"[object] (ErrorException(code: 0): require(C:\\Users\\loose\\OneDrive\\Desktop\\My_Projects\\AntecoConnect\\backend\\bootstrap/../routes/web.php): Failed to open stream: No such file or directory at C:/Users/loose/OneDrive/Desktop/My_Projects/AntecoConnect/backend/vendor/laravel/framework/src/Illuminate/Routing/RouteFileRegistrar.php:34)
[stacktrace]
#0 C:/Users/loose/OneDrive/Desktop/My_Projects/AntecoConnect/backend/vendor/laravel/framework/src/Illuminate/Foundation/Bootstrap/HandleExceptions.php(262): Illuminate/Foundation/Bootstrap/HandleExceptions->handleError(2, 'require(C://User...', 'C://Users//loose//...', 34)
#1 C:/Users/loose/OneDrive/Desktop/My_Projects/AntecoConnect/backend/vendor/laravel/framework/src/Illuminate/Routing/RouteFileRegistrar.php(34): Illuminate/Foundation/Bootstrap/HandleExceptions->Illuminate/Foundation/Bootstrap/{closure}(2, 'require(C://User...', 'C://Users//loose//...', 34)
#2 C:/Users/loose/OneDrive/Desktop/My_Projects/AntecoConnect/backend/vendor/laravel/framework/src/Illuminate/Routing/RouteFileRegistrar.php(34): require('C://Users//loose//...')
#3 C:/Users/loose/OneDrive/Desktop/My_Projects/AntecoConnect/backend/vendor/laravel/framework/src/Illuminate/Routing/Router.php(526): Illuminate/Routing/RouteFileRegistrar->register('C://Users//loose//...')
#4 C:/Users/loose/OneDrive/Desktop/My_Projects/AntecoConnect/backend/vendor/laravel/framework/src/Illuminate/Routing/Router.php(480): Illuminate/Routing/Router->loadRoutes('C://Users//loose//...')
#5 C:/Users/loose/OneDrive/Desktop/My_Projects/AntecoConnect/backend/vendor/laravel/framework/src/Illuminate/Routing/RouteRegistrar.php(212): Illuminate/Routing/Router->group(Array, 'C://Users//loose//...')
#6 C:/Users/loose/OneDrive/Desktop/My_Projects/AntecoConnect/backend/vendor/laravel/framework/src/Illuminate/Foundation/Configuration/ApplicationBuilder.php(248): Illuminate/Routing/RouteRegistrar->group('C://Users//loose//...')
#7 C:/Users/loose/OneDrive/Desktop/My_Projects/AntecoConnect/backend/vendor/laravel/framework/src/Illuminate/Container/BoundMethod.php(36): Illuminate/Foundation/Configuration/ApplicationBuilder->Illuminate/Foundation/Configuration/{closure}()
#8 C:/Users/loose/OneDrive/Desktop/My_Projects/AntecoConnect/backend/vendor/laravel/framework/src/Illuminate/Container/Util.php(43): Illuminate/Container/BoundMethod::Illuminate/Container/{closure}()
#9 C:/Users/loose/OneDrive/Desktop/My_Projects/AntecoConnect/backend/vendor/laravel/framework/src/Illuminate/Container/BoundMethod.php(84): Illuminate/Container/Util::unwrapIfClosure(Object(Closure))
#10 C:/Users/loose/OneDrive/Desktop/My_Projects/AntecoConnect/backend/vendor/laravel/framework/src/Illuminate/Container/BoundMethod.php(35): Illuminate/Container/BoundMethod::callBoundMethod(Object(Illuminate/Foundation/Application), Object(Closure), Object(Closure))
#11 C:/Users/loose/OneDrive/Desktop/My_Projects/AntecoConnect/backend/vendor/laravel/framework/src/Illuminate/Container/Container.php(799): Illuminate/Container/BoundMethod::call(Object(Illuminate/Foundation/Application), Object(Closure), Array, NULL)
#12 C:/Users/loose/OneDrive/Desktop/My_Projects/AntecoConnect/backend/vendor/laravel/framework/src/Illuminate/Foundation/Support/Providers/RouteServiceProvider.php(162): Illuminate/Container/Container->call(Object(Closure))
#13 C:/Users/loose/OneDrive/Desktop/My_Projects/AntecoConnect/backend/vendor/laravel/framework/src/Illuminate/Foundation/Support/Providers/RouteServiceProvider.php(59): Illuminate/Foundation/Support/Providers/RouteServiceProvider->loadRoutes()
#14 C:/Users/loose/OneDrive/Desktop/My_Projects/AntecoConnect/backend/vendor/laravel/framework/src/Illuminate/Container/BoundMethod.php(36): Illuminate/Foundation/Support/Providers/RouteServiceProvider->Illuminate/Foundation/Support/Providers/{closure}()
#15 C:/Users/loose/OneDrive/Desktop/My_Projects/AntecoConnect/backend/vendor/laravel/framework/src/Illuminate/Container/Util.php(43): Illuminate/Container/BoundMethod::Illuminate/Container/{closure}()
#16 C:/Users/loose/OneDrive/Desktop/My_Projects/AntecoConnect/backend/vendor/laravel/framework/src/Illuminate/Container/BoundMethod.php(84): Illuminate/Container/Util::unwrapIfClosure(Object(Closure))
#17 C:/Users/loose/OneDrive/Desktop/My_Projects/AntecoConnect/backend/vendor/laravel/framework/src/Illuminate/Container/BoundMethod.php(35): Illuminate/Container/BoundMethod::callBoundMethod(Object(Illuminate/Foundation/Application), Object(Closure), Object(Closure))
#18 C:/Users/loose/OneDrive/Desktop/My_Projects/AntecoConnect/backend/vendor/laravel/framework/src/Illuminate/Container/Container.php(799): Illuminate/Container/BoundMethod::call(Object(Illuminate/Foundation/Application), Object(Closure), Array, NULL)
#19 C:/Users/loose/OneDrive/Desktop/My_Projects/AntecoConnect/backend/vendor/laravel/framework/src/Illuminate/Support/ServiceProvider.php(150): Illuminate/Container/Container->call(Object(Closure))
#20 C:/Users/loose/OneDrive/Desktop/My_Projects/AntecoConnect/backend/vendor/laravel/framework/src/Illuminate/Foundation/Application.php(1154): Illuminate/Support/ServiceProvider->callBootedCallbacks()
#21 C:/Users/loose/OneDrive/Desktop/My_Projects/AntecoConnect/backend/vendor/laravel/framework/src/Illuminate/Foundation/Application.php(1132): Illuminate/Foundation/Application->bootProvider(Object(Illuminate/Foundation/Support/Providers/RouteServiceProvider))
#22 [internal function]: Illuminate/Foundation/Application->Illuminate/Foundation/{closure}(Object(Illuminate/Foundation/Support/Providers/RouteServiceProvider), 'Illuminate//Foun...')
#23 C:/Users/loose/OneDrive/Desktop/My_Projects/AntecoConnect/backend/vendor/laravel/framework/src/Illuminate/Foundation/Application.php(1131): array_walk(Array, Object(Closure))
#24 C:/Users/loose/OneDrive/Desktop/My_Projects/AntecoConnect/backend/vendor/laravel/framework/src/Illuminate/Foundation/Bootstrap/BootProviders.php(17): Illuminate/Foundation/Application->boot()
#25 C:/Users/loose/OneDrive/Desktop/My_Projects/AntecoConnect/backend/vendor/laravel/framework/src/Illuminate/Foundation/Application.php(342): Illuminate/Foundation/Bootstrap/BootProviders->bootstrap(Object(Illuminate/Foundation/Application))
#26 C:/Users/loose/OneDrive/Desktop/My_Projects/AntecoConnect/backend/vendor/laravel/framework/src/Illuminate/Foundation/Console/Kernel.php(494): Illuminate/Foundation/Application->bootstrapWith(Array)
#27 C:/Users/loose/OneDrive/Desktop/My_Projects/AntecoConnect/backend/vendor/laravel/framework/src/Illuminate/Foundation/Console/Kernel.php(196): Illuminate/Foundation/Console/Kernel->bootstrap()
#28 C:/Users/loose/OneDrive/Desktop/My_Projects/AntecoConnect/backend/vendor/laravel/framework/src/Illuminate/Foundation/Application.php(1235): Illuminate/Foundation/Console/Kernel->handle(Object(Symfony/Component/Console/Input/ArgvInput), Object(Symfony/Component/Console/Output/ConsoleOutput))
#29 C:/Users/loose/OneDrive/Desktop/My_Projects/AntecoConnect/backend/artisan(16): Illuminate/Foundation/Application->handleCommand(Object(Symfony/Component/Console/Input/ArgvInput))
#30 {main}
"} 
[2026-06-17 09:26:53] production.ERROR: SQLSTATE[42P07]: Duplicate table: 7 ERROR:  relation "documents_documentable_type_documentable_id_index" already exists (Connection: pgsql, Host: 127.0.0.1, Port: 5432, Database: anteconect, SQL: create index "documents_documentable_type_documentable_id_index" on "documents" ("documentable_type", "documentable_id")) {"exception":"[object] (Illuminate\\Database\\QueryException(code: 42P07): SQLSTATE[42P07]: Duplicate table: 7 ERROR:  relation \"documents_documentable_type_documentable_id_index\" already exists (Connection: pgsql, Host: 127.0.0.1, Port: 5432, Database: anteconect, SQL: create index \"documents_documentable_type_documentable_id_index\" on \"documents\" (\"documentable_type\", \"documentable_id\")) at C:/Users/loose/OneDrive/Desktop/My_Projects/AntecoConnect/backend/vendor/laravel/framework/src/Illuminate/Database/Connection.php:838)
[stacktrace]
#0 C:/Users/loose/OneDrive/Desktop/My_Projects/AntecoConnect/backend/vendor/laravel/framework/src/Illuminate/Database/Connection.php(794): Illuminate/Database/Connection->runQueryCallback('create index \"d...', Array, Object(Closure))
#1 C:/Users/loose/OneDrive/Desktop/My_Projects/AntecoConnect/backend/vendor/laravel/framework/src/Illuminate/Database/Connection.php(573): Illuminate/Database/Connection->run('create index \"d...', Array, Object(Closure))
#2 C:/Users/loose/OneDrive/Desktop/My_Projects/AntecoConnect/backend/vendor/laravel/framework/src/Illuminate/Database/Schema/Blueprint.php(121): Illuminate/Database/Connection->statement('create index \"d...')
#3 C:/Users/loose/OneDrive/Desktop/My_Projects/AntecoConnect/backend/vendor/laravel/framework/src/Illuminate/Database/Schema/Builder.php(686): Illuminate/Database/Schema/Blueprint->build()
#4 C:/Users/loose/OneDrive/Desktop/My_Projects/AntecoConnect/backend/vendor/laravel/framework/src/Illuminate/Database/Schema/Builder.php(506): Illuminate/Database/Schema/Builder->build(Object(Illuminate/Database/Schema/Blueprint))
#5 C:/Users/loose/OneDrive/Desktop/My_Projects/AntecoConnect/backend/vendor/laravel/framework/src/Illuminate/Support/Facades/Facade.php(363): Illuminate/Database/Schema/Builder->create('documents', Object(Closure))
#6 C:/Users/loose/OneDrive/Desktop/My_Projects/AntecoConnect/backend/database/migrations/0001_01_01_000010_create_reports_and_documents_table.php(26): Illuminate/Support/Facades/Facade::__callStatic('create', Array)
#7 C:/Users/loose/OneDrive/Desktop/My_Projects/AntecoConnect/backend/vendor/laravel/framework/src/Illuminate/Database/Migrations/Migrator.php(517): Illuminate/Database/Migrations/Migration@anonymous->up()
#8 C:/Users/loose/OneDrive/Desktop/My_Projects/AntecoConnect/backend/vendor/laravel/framework/src/Illuminate/Database/Migrations/Migrator.php(442): Illuminate/Database/Migrations/Migrator->runMethod(Object(Illuminate/Database/PostgresConnection), Object(Illuminate/Database/Migrations/Migration@anonymous), 'up')
#9 C:/Users/loose/OneDrive/Desktop/My_Projects/AntecoConnect/backend/vendor/laravel/framework/src/Illuminate/Database/Concerns/ManagesTransactions.php(35): Illuminate/Database/Migrations/Migrator->Illuminate/Database/Migrations/{closure}(Object(Illuminate/Database/PostgresConnection))
#10 C:/Users/loose/OneDrive/Desktop/My_Projects/AntecoConnect/backend/vendor/laravel/framework/src/Illuminate/Database/Migrations/Migrator.php(450): Illuminate/Database/Connection->transaction(Object(Closure))
#11 C:/Users/loose/OneDrive/Desktop/My_Projects/AntecoConnect/backend/vendor/laravel/framework/src/Illuminate/Database/Migrations/Migrator.php(253): Illuminate/Database/Migrations/Migrator->runMigration(Object(Illuminate/Database/Migrations/Migration@anonymous), 'up')
#12 C:/Users/loose/OneDrive/Desktop/My_Projects/AntecoConnect/backend/vendor/laravel/framework/src/Illuminate/Console/View/Components/Task.php(41): Illuminate/Database/Migrations/Migrator->Illuminate/Database/Migrations/{closure}()
#13 C:/Users/loose/OneDrive/Desktop/My_Projects/AntecoConnect/backend/vendor/laravel/framework/src/Illuminate/Database/Migrations/Migrator.php(814): Illuminate/Console/View/Components/Task->render('0001_01_01_0000...', Object(Closure))
#14 C:/Users/loose/OneDrive/Desktop/My_Projects/AntecoConnect/backend/vendor/laravel/framework/src/Illuminate/Database/Migrations/Migrator.php(253): Illuminate/Database/Migrations/Migrator->write('Illuminate//Cons...', '0001_01_01_0000...', Object(Closure))
#15 C:/Users/loose/OneDrive/Desktop/My_Projects/AntecoConnect/backend/vendor/laravel/framework/src/Illuminate/Database/Migrations/Migrator.php(211): Illuminate/Database/Migrations/Migrator->runUp('C://Users//loose//...', 1, false)
#16 C:/Users/loose/OneDrive/Desktop/My_Projects/AntecoConnect/backend/vendor/laravel/framework/src/Illuminate/Database/Migrations/Migrator.php(138): Illuminate/Database/Migrations/Migrator->runPending(Array, Array)
#17 C:/Users/loose/OneDrive/Desktop/My_Projects/AntecoConnect/backend/vendor/laravel/framework/src/Illuminate/Database/Console/Migrations/MigrateCommand.php(116): Illuminate/Database/Migrations/Migrator->run(Array, Array)
#18 C:/Users/loose/OneDrive/Desktop/My_Projects/AntecoConnect/backend/vendor/laravel/framework/src/Illuminate/Database/Migrations/Migrator.php(671): Illuminate/Database/Console/Migrations/MigrateCommand->Illuminate/Database/Console/Migrations/{closure}()
#19 C:/Users/loose/OneDrive/Desktop/My_Projects/AntecoConnect/backend/vendor/laravel/framework/src/Illuminate/Database/Console/Migrations/MigrateCommand.php(109): Illuminate/Database/Migrations/Migrator->usingConnection(NULL, Object(Closure))
#20 C:/Users/loose/OneDrive/Desktop/My_Projects/AntecoConnect/backend/vendor/laravel/framework/src/Illuminate/Database/Console/Migrations/MigrateCommand.php(88): Illuminate/Database/Console/Migrations/MigrateCommand->runMigrations()
#21 C:/Users/loose/OneDrive/Desktop/My_Projects/AntecoConnect/backend/vendor/laravel/framework/src/Illuminate/Container/BoundMethod.php(36): Illuminate/Database/Console/Migrations/MigrateCommand->handle()
#22 C:/Users/loose/OneDrive/Desktop/My_Projects/AntecoConnect/backend/vendor/laravel/framework/src/Illuminate/Container/Util.php(43): Illuminate/Container/BoundMethod::Illuminate/Container/{closure}()
#23 C:/Users/loose/OneDrive/Desktop/My_Projects/AntecoConnect/backend/vendor/laravel/framework/src/Illuminate/Container/BoundMethod.php(96): Illuminate/Container/Util::unwrapIfClosure(Object(Closure))
#24 C:/Users/loose/OneDrive/Desktop/My_Projects/AntecoConnect/backend/vendor/laravel/framework/src/Illuminate/Container/BoundMethod.php(35): Illuminate/Container/BoundMethod::callBoundMethod(Object(Illuminate/Foundation/Application), Array, Object(Closure))
#25 C:/Users/loose/OneDrive/Desktop/My_Projects/AntecoConnect/backend/vendor/laravel/framework/src/Illuminate/Container/Container.php(799): Illuminate/Container/BoundMethod::call(Object(Illuminate/Foundation/Application), Array, Array, NULL)
#26 C:/Users/loose/OneDrive/Desktop/My_Projects/AntecoConnect/backend/vendor/laravel/framework/src/Illuminate/Console/Command.php(211): Illuminate/Container/Container->call(Array)
#27 C:/Users/loose/OneDrive/Desktop/My_Projects/AntecoConnect/backend/vendor/symfony/console/Command/Command.php(341): Illuminate/Console/Command->execute(Object(Symfony/Component/Console/Input/ArgvInput), Object(Illuminate/Console/OutputStyle))
#28 C:/Users/loose/OneDrive/Desktop/My_Projects/AntecoConnect/backend/vendor/laravel/framework/src/Illuminate/Console/Command.php(180): Symfony/Component/Console/Command/Command->run(Object(Symfony/Component/Console/Input/ArgvInput), Object(Illuminate/Console/OutputStyle))
#29 C:/Users/loose/OneDrive/Desktop/My_Projects/AntecoConnect/backend/vendor/symfony/console/Application.php(1117): Illuminate/Console/Command->run(Object(Symfony/Component/Console/Input/ArgvInput), Object(Symfony/Component/Console/Output/ConsoleOutput))
#30 C:/Users/loose/OneDrive/Desktop/My_Projects/AntecoConnect/backend/vendor/symfony/console/Application.php(356): Symfony/Component/Console/Application->doRunCommand(Object(Illuminate/Database/Console/Migrations/MigrateCommand), Object(Symfony/Component/Console/Input/ArgvInput), Object(Symfony/Component/Console/Output/ConsoleOutput))
#31 C:/Users/loose/OneDrive/Desktop/My_Projects/AntecoConnect/backend/vendor/symfony/console/Application.php(195): Symfony/Component/Console/Application->doRun(Object(Symfony/Component/Console/Input/ArgvInput), Object(Symfony/Component/Console/Output/ConsoleOutput))
#32 C:/Users/loose/OneDrive/Desktop/My_Projects/AntecoConnect/backend/vendor/laravel/framework/src/Illuminate/Foundation/Console/Kernel.php(198): Symfony/Component/Console/Application->run(Object(Symfony/Component/Console/Input/ArgvInput), Object(Symfony/Component/Console/Output/ConsoleOutput))
#33 C:/Users/loose/OneDrive/Desktop/My_Projects/AntecoConnect/backend/vendor/laravel/framework/src/Illuminate/Foundation/Application.php(1235): Illuminate/Foundation/Console/Kernel->handle(Object(Symfony/Component/Console/Input/ArgvInput), Object(Symfony/Component/Console/Output/ConsoleOutput))
#34 C:/Users/loose/OneDrive/Desktop/My_Projects/AntecoConnect/backend/artisan(16): Illuminate/Foundation/Application->handleCommand(Object(Symfony/Component/Console/Input/ArgvInput))
#35 {main}

[previous exception] [object] (PDOException(code: 42P07): SQLSTATE[42P07]: Duplicate table: 7 ERROR:  relation \"documents_documentable_type_documentable_id_index\" already exists at C:/Users/loose/OneDrive/Desktop/My_Projects/AntecoConnect/backend/vendor/laravel/framework/src/Illuminate/Database/Connection.php:584)
[stacktrace]
#0 C:/Users/loose/OneDrive/Desktop/My_Projects/AntecoConnect/backend/vendor/laravel/framework/src/Illuminate/Database/Connection.php(584): PDOStatement->execute()
#1 C:/Users/loose/OneDrive/Desktop/My_Projects/AntecoConnect/backend/vendor/laravel/framework/src/Illuminate/Database/Connection.php(827): Illuminate/Database/Connection->Illuminate/Database/{closure}('create index \"d...', Array)
#2 C:/Users/loose/OneDrive/Desktop/My_Projects/AntecoConnect/backend/vendor/laravel/framework/src/Illuminate/Database/Connection.php(794): Illuminate/Database/Connection->runQueryCallback('create index \"d...', Array, Object(Closure))
#3 C:/Users/loose/OneDrive/Desktop/My_Projects/AntecoConnect/backend/vendor/laravel/framework/src/Illuminate/Database/Connection.php(573): Illuminate/Database/Connection->run('create index \"d...', Array, Object(Closure))
#4 C:/Users/loose/OneDrive/Desktop/My_Projects/AntecoConnect/backend/vendor/laravel/framework/src/Illuminate/Database/Schema/Blueprint.php(121): Illuminate/Database/Connection->statement('create index \"d...')
#5 C:/Users/loose/OneDrive/Desktop/My_Projects/AntecoConnect/backend/vendor/laravel/framework/src/Illuminate/Database/Schema/Builder.php(686): Illuminate/Database/Schema/Blueprint->build()
#6 C:/Users/loose/OneDrive/Desktop/My_Projects/AntecoConnect/backend/vendor/laravel/framework/src/Illuminate/Database/Schema/Builder.php(506): Illuminate/Database/Schema/Builder->build(Object(Illuminate/Database/Schema/Blueprint))
#7 C:/Users/loose/OneDrive/Desktop/My_Projects/AntecoConnect/backend/vendor/laravel/framework/src/Illuminate/Support/Facades/Facade.php(363): Illuminate/Database/Schema/Builder->create('documents', Object(Closure))
#8 C:/Users/loose/OneDrive/Desktop/My_Projects/AntecoConnect/backend/database/migrations/0001_01_01_000010_create_reports_and_documents_table.php(26): Illuminate/Support/Facades/Facade::__callStatic('create', Array)
#9 C:/Users/loose/OneDrive/Desktop/My_Projects/AntecoConnect/backend/vendor/laravel/framework/src/Illuminate/Database/Migrations/Migrator.php(517): Illuminate/Database/Migrations/Migration@anonymous->up()
#10 C:/Users/loose/OneDrive/Desktop/My_Projects/AntecoConnect/backend/vendor/laravel/framework/src/Illuminate/Database/Migrations/Migrator.php(442): Illuminate/Database/Migrations/Migrator->runMethod(Object(Illuminate/Database/PostgresConnection), Object(Illuminate/Database/Migrations/Migration@anonymous), 'up')
#11 C:/Users/loose/OneDrive/Desktop/My_Projects/AntecoConnect/backend/vendor/laravel/framework/src/Illuminate/Database/Concerns/ManagesTransactions.php(35): Illuminate/Database/Migrations/Migrator->Illuminate/Database/Migrations/{closure}(Object(Illuminate/Database/PostgresConnection))
#12 C:/Users/loose/OneDrive/Desktop/My_Projects/AntecoConnect/backend/vendor/laravel/framework/src/Illuminate/Database/Migrations/Migrator.php(450): Illuminate/Database/Connection->transaction(Object(Closure))
#13 C:/Users/loose/OneDrive/Desktop/My_Projects/AntecoConnect/backend/vendor/laravel/framework/src/Illuminate/Database/Migrations/Migrator.php(253): Illuminate/Database/Migrations/Migrator->runMigration(Object(Illuminate/Database/Migrations/Migration@anonymous), 'up')
#14 C:/Users/loose/OneDrive/Desktop/My_Projects/AntecoConnect/backend/vendor/laravel/framework/src/Illuminate/Console/View/Components/Task.php(41): Illuminate/Database/Migrations/Migrator->Illuminate/Database/Migrations/{closure}()
#15 C:/Users/loose/OneDrive/Desktop/My_Projects/AntecoConnect/backend/vendor/laravel/framework/src/Illuminate/Database/Migrations/Migrator.php(814): Illuminate/Console/View/Components/Task->render('0001_01_01_0000...', Object(Closure))
#16 C:/Users/loose/OneDrive/Desktop/My_Projects/AntecoConnect/backend/vendor/laravel/framework/src/Illuminate/Database/Migrations/Migrator.php(253): Illuminate/Database/Migrations/Migrator->write('Illuminate//Cons...', '0001_01_01_0000...', Object(Closure))
#17 C:/Users/loose/OneDrive/Desktop/My_Projects/AntecoConnect/backend/vendor/laravel/framework/src/Illuminate/Database/Migrations/Migrator.php(211): Illuminate/Database/Migrations/Migrator->runUp('C://Users//loose//...', 1, false)
#18 C:/Users/loose/OneDrive/Desktop/My_Projects/AntecoConnect/backend/vendor/laravel/framework/src/Illuminate/Database/Migrations/Migrator.php(138): Illuminate/Database/Migrations/Migrator->runPending(Array, Array)
#19 C:/Users/loose/OneDrive/Desktop/My_Projects/AntecoConnect/backend/vendor/laravel/framework/src/Illuminate/Database/Console/Migrations/MigrateCommand.php(116): Illuminate/Database/Migrations/Migrator->run(Array, Array)
#20 C:/Users/loose/OneDrive/Desktop/My_Projects/AntecoConnect/backend/vendor/laravel/framework/src/Illuminate/Database/Migrations/Migrator.php(671): Illuminate/Database/Console/Migrations/MigrateCommand->Illuminate/Database/Console/Migrations/{closure}()
#21 C:/Users/loose/OneDrive/Desktop/My_Projects/AntecoConnect/backend/vendor/laravel/framework/src/Illuminate/Database/Console/Migrations/MigrateCommand.php(109): Illuminate/Database/Migrations/Migrator->usingConnection(NULL, Object(Closure))
#22 C:/Users/loose/OneDrive/Desktop/My_Projects/AntecoConnect/backend/vendor/laravel/framework/src/Illuminate/Database/Console/Migrations/MigrateCommand.php(88): Illuminate/Database/Console/Migrations/MigrateCommand->runMigrations()
#23 C:/Users/loose/OneDrive/Desktop/My_Projects/AntecoConnect/backend/vendor/laravel/framework/src/Illuminate/Container/BoundMethod.php(36): Illuminate/Database/Console/Migrations/MigrateCommand->handle()
#24 C:/Users/loose/OneDrive/Desktop/My_Projects/AntecoConnect/backend/vendor/laravel/framework/src/Illuminate/Container/Util.php(43): Illuminate/Container/BoundMethod::Illuminate/Container/{closure}()
#25 C:/Users/loose/OneDrive/Desktop/My_Projects/AntecoConnect/backend/vendor/laravel/framework/src/Illuminate/Container/BoundMethod.php(96): Illuminate/Container/Util::unwrapIfClosure(Object(Closure))
#26 C:/Users/loose/OneDrive/Desktop/My_Projects/AntecoConnect/backend/vendor/laravel/framework/src/Illuminate/Container/BoundMethod.php(35): Illuminate/Container/BoundMethod::callBoundMethod(Object(Illuminate/Foundation/Application), Array, Object(Closure))
#27 C:/Users/loose/OneDrive/Desktop/My_Projects/AntecoConnect/backend/vendor/laravel/framework/src/Illuminate/Container/Container.php(799): Illuminate/Container/BoundMethod::call(Object(Illuminate/Foundation/Application), Array, Array, NULL)
#28 C:/Users/loose/OneDrive/Desktop/My_Projects/AntecoConnect/backend/vendor/laravel/framework/src/Illuminate/Console/Command.php(211): Illuminate/Container/Container->call(Array)
#29 C:/Users/loose/OneDrive/Desktop/My_Projects/AntecoConnect/backend/vendor/symfony/console/Command/Command.php(341): Illuminate/Console/Command->execute(Object(Symfony/Component/Console/Input/ArgvInput), Object(Illuminate/Console/OutputStyle))
#30 C:/Users/loose/OneDrive/Desktop/My_Projects/AntecoConnect/backend/vendor/laravel/framework/src/Illuminate/Console/Command.php(180): Symfony/Component/Console/Command/Command->run(Object(Symfony/Component/Console/Input/ArgvInput), Object(Illuminate/Console/OutputStyle))
#31 C:/Users/loose/OneDrive/Desktop/My_Projects/AntecoConnect/backend/vendor/symfony/console/Application.php(1117): Illuminate/Console/Command->run(Object(Symfony/Component/Console/Input/ArgvInput), Object(Symfony/Component/Console/Output/ConsoleOutput))
#32 C:/Users/loose/OneDrive/Desktop/My_Projects/AntecoConnect/backend/vendor/symfony/console/Application.php(356): Symfony/Component/Console/Application->doRunCommand(Object(Illuminate/Database/Console/Migrations/MigrateCommand), Object(Symfony/Component/Console/Input/ArgvInput), Object(Symfony/Component/Console/Output/ConsoleOutput))
#33 C:/Users/loose/OneDrive/Desktop/My_Projects/AntecoConnect/backend/vendor/symfony/console/Application.php(195): Symfony/Component/Console/Application->doRun(Object(Symfony/Component/Console/Input/ArgvInput), Object(Symfony/Component/Console/Output/ConsoleOutput))
#34 C:/Users/loose/OneDrive/Desktop/My_Projects/AntecoConnect/backend/vendor/laravel/framework/src/Illuminate/Foundation/Console/Kernel.php(198): Symfony/Component/Console/Application->run(Object(Symfony/Component/Console/Input/ArgvInput), Object(Symfony/Component/Console/Output/ConsoleOutput))
#35 C:/Users/loose/OneDrive/Desktop/My_Projects/AntecoConnect/backend/vendor/laravel/framework/src/Illuminate/Foundation/Application.php(1235): Illuminate/Foundation/Console/Kernel->handle(Object(Symfony/Component/Console/Input/ArgvInput), Object(Symfony/Component/Console/Output/ConsoleOutput))
#36 C:/Users/loose/OneDrive/Desktop/My_Projects/AntecoConnect/backend/artisan(16): Illuminate/Foundation/Application->handleCommand(Object(Symfony/Component/Console/Input/ArgvInput))
#37 {main}
"} 
[2026-06-17 09:27:05] production.ERROR: SQLSTATE[42P07]: Duplicate table: 7 ERROR:  relation "documents_documentable_type_documentable_id_index" already exists (Connection: pgsql, Host: 127.0.0.1, Port: 5432, Database: anteconect, SQL: create index "documents_documentable_type_documentable_id_index" on "documents" ("documentable_type", "documentable_id")) {"exception":"[object] (Illuminate\\Database\\QueryException(code: 42P07): SQLSTATE[42P07]: Duplicate table: 7 ERROR:  relation \"documents_documentable_type_documentable_id_index\" already exists (Connection: pgsql, Host: 127.0.0.1, Port: 5432, Database: anteconect, SQL: create index \"documents_documentable_type_documentable_id_index\" on \"documents\" (\"documentable_type\", \"documentable_id\")) at C:/Users/loose/OneDrive/Desktop/My_Projects/AntecoConnect/backend/vendor/laravel/framework/src/Illuminate/Database/Connection.php:838)
[stacktrace]
#0 C:/Users/loose/OneDrive/Desktop/My_Projects/AntecoConnect/backend/vendor/laravel/framework/src/Illuminate/Database/Connection.php(794): Illuminate/Database/Connection->runQueryCallback('create index \"d...', Array, Object(Closure))
#1 C:/Users/loose/OneDrive/Desktop/My_Projects/AntecoConnect/backend/vendor/laravel/framework/src/Illuminate/Database/Connection.php(573): Illuminate/Database/Connection->run('create index \"d...', Array, Object(Closure))
#2 C:/Users/loose/OneDrive/Desktop/My_Projects/AntecoConnect/backend/vendor/laravel/framework/src/Illuminate/Database/Schema/Blueprint.php(121): Illuminate/Database/Connection->statement('create index \"d...')
#3 C:/Users/loose/OneDrive/Desktop/My_Projects/AntecoConnect/backend/vendor/laravel/framework/src/Illuminate/Database/Schema/Builder.php(686): Illuminate/Database/Schema/Blueprint->build()
#4 C:/Users/loose/OneDrive/Desktop/My_Projects/AntecoConnect/backend/vendor/laravel/framework/src/Illuminate/Database/Schema/Builder.php(506): Illuminate/Database/Schema/Builder->build(Object(Illuminate/Database/Schema/Blueprint))
#5 C:/Users/loose/OneDrive/Desktop/My_Projects/AntecoConnect/backend/vendor/laravel/framework/src/Illuminate/Support/Facades/Facade.php(363): Illuminate/Database/Schema/Builder->create('documents', Object(Closure))
#6 C:/Users/loose/OneDrive/Desktop/My_Projects/AntecoConnect/backend/database/migrations/0001_01_01_000010_create_reports_and_documents_table.php(26): Illuminate/Support/Facades/Facade::__callStatic('create', Array)
#7 C:/Users/loose/OneDrive/Desktop/My_Projects/AntecoConnect/backend/vendor/laravel/framework/src/Illuminate/Database/Migrations/Migrator.php(517): Illuminate/Database/Migrations/Migration@anonymous->up()
#8 C:/Users/loose/OneDrive/Desktop/My_Projects/AntecoConnect/backend/vendor/laravel/framework/src/Illuminate/Database/Migrations/Migrator.php(442): Illuminate/Database/Migrations/Migrator->runMethod(Object(Illuminate/Database/PostgresConnection), Object(Illuminate/Database/Migrations/Migration@anonymous), 'up')
#9 C:/Users/loose/OneDrive/Desktop/My_Projects/AntecoConnect/backend/vendor/laravel/framework/src/Illuminate/Database/Concerns/ManagesTransactions.php(35): Illuminate/Database/Migrations/Migrator->Illuminate/Database/Migrations/{closure}(Object(Illuminate/Database/PostgresConnection))
#10 C:/Users/loose/OneDrive/Desktop/My_Projects/AntecoConnect/backend/vendor/laravel/framework/src/Illuminate/Database/Migrations/Migrator.php(450): Illuminate/Database/Connection->transaction(Object(Closure))
#11 C:/Users/loose/OneDrive/Desktop/My_Projects/AntecoConnect/backend/vendor/laravel/framework/src/Illuminate/Database/Migrations/Migrator.php(253): Illuminate/Database/Migrations/Migrator->runMigration(Object(Illuminate/Database/Migrations/Migration@anonymous), 'up')
#12 C:/Users/loose/OneDrive/Desktop/My_Projects/AntecoConnect/backend/vendor/laravel/framework/src/Illuminate/Console/View/Components/Task.php(41): Illuminate/Database/Migrations/Migrator->Illuminate/Database/Migrations/{closure}()
#13 C:/Users/loose/OneDrive/Desktop/My_Projects/AntecoConnect/backend/vendor/laravel/framework/src/Illuminate/Database/Migrations/Migrator.php(814): Illuminate/Console/View/Components/Task->render('0001_01_01_0000...', Object(Closure))
#14 C:/Users/loose/OneDrive/Desktop/My_Projects/AntecoConnect/backend/vendor/laravel/framework/src/Illuminate/Database/Migrations/Migrator.php(253): Illuminate/Database/Migrations/Migrator->write('Illuminate//Cons...', '0001_01_01_0000...', Object(Closure))
#15 C:/Users/loose/OneDrive/Desktop/My_Projects/AntecoConnect/backend/vendor/laravel/framework/src/Illuminate/Database/Migrations/Migrator.php(211): Illuminate/Database/Migrations/Migrator->runUp('C://Users//loose//...', 2, false)
#16 C:/Users/loose/OneDrive/Desktop/My_Projects/AntecoConnect/backend/vendor/laravel/framework/src/Illuminate/Database/Migrations/Migrator.php(138): Illuminate/Database/Migrations/Migrator->runPending(Array, Array)
#17 C:/Users/loose/OneDrive/Desktop/My_Projects/AntecoConnect/backend/vendor/laravel/framework/src/Illuminate/Database/Console/Migrations/MigrateCommand.php(116): Illuminate/Database/Migrations/Migrator->run(Array, Array)
#18 C:/Users/loose/OneDrive/Desktop/My_Projects/AntecoConnect/backend/vendor/laravel/framework/src/Illuminate/Database/Migrations/Migrator.php(671): Illuminate/Database/Console/Migrations/MigrateCommand->Illuminate/Database/Console/Migrations/{closure}()
#19 C:/Users/loose/OneDrive/Desktop/My_Projects/AntecoConnect/backend/vendor/laravel/framework/src/Illuminate/Database/Console/Migrations/MigrateCommand.php(109): Illuminate/Database/Migrations/Migrator->usingConnection(NULL, Object(Closure))
#20 C:/Users/loose/OneDrive/Desktop/My_Projects/AntecoConnect/backend/vendor/laravel/framework/src/Illuminate/Database/Console/Migrations/MigrateCommand.php(88): Illuminate/Database/Console/Migrations/MigrateCommand->runMigrations()
#21 C:/Users/loose/OneDrive/Desktop/My_Projects/AntecoConnect/backend/vendor/laravel/framework/src/Illuminate/Container/BoundMethod.php(36): Illuminate/Database/Console/Migrations/MigrateCommand->handle()
#22 C:/Users/loose/OneDrive/Desktop/My_Projects/AntecoConnect/backend/vendor/laravel/framework/src/Illuminate/Container/Util.php(43): Illuminate/Container/BoundMethod::Illuminate/Container/{closure}()
#23 C:/Users/loose/OneDrive/Desktop/My_Projects/AntecoConnect/backend/vendor/laravel/framework/src/Illuminate/Container/BoundMethod.php(96): Illuminate/Container/Util::unwrapIfClosure(Object(Closure))
#24 C:/Users/loose/OneDrive/Desktop/My_Projects/AntecoConnect/backend/vendor/laravel/framework/src/Illuminate/Container/BoundMethod.php(35): Illuminate/Container/BoundMethod::callBoundMethod(Object(Illuminate/Foundation/Application), Array, Object(Closure))
#25 C:/Users/loose/OneDrive/Desktop/My_Projects/AntecoConnect/backend/vendor/laravel/framework/src/Illuminate/Container/Container.php(799): Illuminate/Container/BoundMethod::call(Object(Illuminate/Foundation/Application), Array, Array, NULL)
#26 C:/Users/loose/OneDrive/Desktop/My_Projects/AntecoConnect/backend/vendor/laravel/framework/src/Illuminate/Console/Command.php(211): Illuminate/Container/Container->call(Array)
#27 C:/Users/loose/OneDrive/Desktop/My_Projects/AntecoConnect/backend/vendor/symfony/console/Command/Command.php(341): Illuminate/Console/Command->execute(Object(Symfony/Component/Console/Input/ArgvInput), Object(Illuminate/Console/OutputStyle))
#28 C:/Users/loose/OneDrive/Desktop/My_Projects/AntecoConnect/backend/vendor/laravel/framework/src/Illuminate/Console/Command.php(180): Symfony/Component/Console/Command/Command->run(Object(Symfony/Component/Console/Input/ArgvInput), Object(Illuminate/Console/OutputStyle))
#29 C:/Users/loose/OneDrive/Desktop/My_Projects/AntecoConnect/backend/vendor/symfony/console/Application.php(1117): Illuminate/Console/Command->run(Object(Symfony/Component/Console/Input/ArgvInput), Object(Symfony/Component/Console/Output/ConsoleOutput))
#30 C:/Users/loose/OneDrive/Desktop/My_Projects/AntecoConnect/backend/vendor/symfony/console/Application.php(356): Symfony/Component/Console/Application->doRunCommand(Object(Illuminate/Database/Console/Migrations/MigrateCommand), Object(Symfony/Component/Console/Input/ArgvInput), Object(Symfony/Component/Console/Output/ConsoleOutput))
#31 C:/Users/loose/OneDrive/Desktop/My_Projects/AntecoConnect/backend/vendor/symfony/console/Application.php(195): Symfony/Component/Console/Application->doRun(Object(Symfony/Component/Console/Input/ArgvInput), Object(Symfony/Component/Console/Output/ConsoleOutput))
#32 C:/Users/loose/OneDrive/Desktop/My_Projects/AntecoConnect/backend/vendor/laravel/framework/src/Illuminate/Foundation/Console/Kernel.php(198): Symfony/Component/Console/Application->run(Object(Symfony/Component/Console/Input/ArgvInput), Object(Symfony/Component/Console/Output/ConsoleOutput))
#33 C:/Users/loose/OneDrive/Desktop/My_Projects/AntecoConnect/backend/vendor/laravel/framework/src/Illuminate/Foundation/Application.php(1235): Illuminate/Foundation/Console/Kernel->handle(Object(Symfony/Component/Console/Input/ArgvInput), Object(Symfony/Component/Console/Output/ConsoleOutput))
#34 C:/Users/loose/OneDrive/Desktop/My_Projects/AntecoConnect/backend/artisan(16): Illuminate/Foundation/Application->handleCommand(Object(Symfony/Component/Console/Input/ArgvInput))
#35 {main}

[previous exception] [object] (PDOException(code: 42P07): SQLSTATE[42P07]: Duplicate table: 7 ERROR:  relation \"documents_documentable_type_documentable_id_index\" already exists at C:/Users/loose/OneDrive/Desktop/My_Projects/AntecoConnect/backend/vendor/laravel/framework/src/Illuminate/Database/Connection.php:584)
[stacktrace]
#0 C:/Users/loose/OneDrive/Desktop/My_Projects/AntecoConnect/backend/vendor/laravel/framework/src/Illuminate/Database/Connection.php(584): PDOStatement->execute()
#1 C:/Users/loose/OneDrive/Desktop/My_Projects/AntecoConnect/backend/vendor/laravel/framework/src/Illuminate/Database/Connection.php(827): Illuminate/Database/Connection->Illuminate/Database/{closure}('create index \"d...', Array)
#2 C:/Users/loose/OneDrive/Desktop/My_Projects/AntecoConnect/backend/vendor/laravel/framework/src/Illuminate/Database/Connection.php(794): Illuminate/Database/Connection->runQueryCallback('create index \"d...', Array, Object(Closure))
#3 C:/Users/loose/OneDrive/Desktop/My_Projects/AntecoConnect/backend/vendor/laravel/framework/src/Illuminate/Database/Connection.php(573): Illuminate/Database/Connection->run('create index \"d...', Array, Object(Closure))
#4 C:/Users/loose/OneDrive/Desktop/My_Projects/AntecoConnect/backend/vendor/laravel/framework/src/Illuminate/Database/Schema/Blueprint.php(121): Illuminate/Database/Connection->statement('create index \"d...')
#5 C:/Users/loose/OneDrive/Desktop/My_Projects/AntecoConnect/backend/vendor/laravel/framework/src/Illuminate/Database/Schema/Builder.php(686): Illuminate/Database/Schema/Blueprint->build()
#6 C:/Users/loose/OneDrive/Desktop/My_Projects/AntecoConnect/backend/vendor/laravel/framework/src/Illuminate/Database/Schema/Builder.php(506): Illuminate/Database/Schema/Builder->build(Object(Illuminate/Database/Schema/Blueprint))
#7 C:/Users/loose/OneDrive/Desktop/My_Projects/AntecoConnect/backend/vendor/laravel/framework/src/Illuminate/Support/Facades/Facade.php(363): Illuminate/Database/Schema/Builder->create('documents', Object(Closure))
#8 C:/Users/loose/OneDrive/Desktop/My_Projects/AntecoConnect/backend/database/migrations/0001_01_01_000010_create_reports_and_documents_table.php(26): Illuminate/Support/Facades/Facade::__callStatic('create', Array)
#9 C:/Users/loose/OneDrive/Desktop/My_Projects/AntecoConnect/backend/vendor/laravel/framework/src/Illuminate/Database/Migrations/Migrator.php(517): Illuminate/Database/Migrations/Migration@anonymous->up()
#10 C:/Users/loose/OneDrive/Desktop/My_Projects/AntecoConnect/backend/vendor/laravel/framework/src/Illuminate/Database/Migrations/Migrator.php(442): Illuminate/Database/Migrations/Migrator->runMethod(Object(Illuminate/Database/PostgresConnection), Object(Illuminate/Database/Migrations/Migration@anonymous), 'up')
#11 C:/Users/loose/OneDrive/Desktop/My_Projects/AntecoConnect/backend/vendor/laravel/framework/src/Illuminate/Database/Concerns/ManagesTransactions.php(35): Illuminate/Database/Migrations/Migrator->Illuminate/Database/Migrations/{closure}(Object(Illuminate/Database/PostgresConnection))
#12 C:/Users/loose/OneDrive/Desktop/My_Projects/AntecoConnect/backend/vendor/laravel/framework/src/Illuminate/Database/Migrations/Migrator.php(450): Illuminate/Database/Connection->transaction(Object(Closure))
#13 C:/Users/loose/OneDrive/Desktop/My_Projects/AntecoConnect/backend/vendor/laravel/framework/src/Illuminate/Database/Migrations/Migrator.php(253): Illuminate/Database/Migrations/Migrator->runMigration(Object(Illuminate/Database/Migrations/Migration@anonymous), 'up')
#14 C:/Users/loose/OneDrive/Desktop/My_Projects/AntecoConnect/backend/vendor/laravel/framework/src/Illuminate/Console/View/Components/Task.php(41): Illuminate/Database/Migrations/Migrator->Illuminate/Database/Migrations/{closure}()
#15 C:/Users/loose/OneDrive/Desktop/My_Projects/AntecoConnect/backend/vendor/laravel/framework/src/Illuminate/Database/Migrations/Migrator.php(814): Illuminate/Console/View/Components/Task->render('0001_01_01_0000...', Object(Closure))
#16 C:/Users/loose/OneDrive/Desktop/My_Projects/AntecoConnect/backend/vendor/laravel/framework/src/Illuminate/Database/Migrations/Migrator.php(253): Illuminate/Database/Migrations/Migrator->write('Illuminate//Cons...', '0001_01_01_0000...', Object(Closure))
#17 C:/Users/loose/OneDrive/Desktop/My_Projects/AntecoConnect/backend/vendor/laravel/framework/src/Illuminate/Database/Migrations/Migrator.php(211): Illuminate/Database/Migrations/Migrator->runUp('C://Users//loose//...', 2, false)
#18 C:/Users/loose/OneDrive/Desktop/My_Projects/AntecoConnect/backend/vendor/laravel/framework/src/Illuminate/Database/Migrations/Migrator.php(138): Illuminate/Database/Migrations/Migrator->runPending(Array, Array)
#19 C:/Users/loose/OneDrive/Desktop/My_Projects/AntecoConnect/backend/vendor/laravel/framework/src/Illuminate/Database/Console/Migrations/MigrateCommand.php(116): Illuminate/Database/Migrations/Migrator->run(Array, Array)
#20 C:/Users/loose/OneDrive/Desktop/My_Projects/AntecoConnect/backend/vendor/laravel/framework/src/Illuminate/Database/Migrations/Migrator.php(671): Illuminate/Database/Console/Migrations/MigrateCommand->Illuminate/Database/Console/Migrations/{closure}()
#21 C:/Users/loose/OneDrive/Desktop/My_Projects/AntecoConnect/backend/vendor/laravel/framework/src/Illuminate/Database/Console/Migrations/MigrateCommand.php(109): Illuminate/Database/Migrations/Migrator->usingConnection(NULL, Object(Closure))
#22 C:/Users/loose/OneDrive/Desktop/My_Projects/AntecoConnect/backend/vendor/laravel/framework/src/Illuminate/Database/Console/Migrations/MigrateCommand.php(88): Illuminate/Database/Console/Migrations/MigrateCommand->runMigrations()
#23 C:/Users/loose/OneDrive/Desktop/My_Projects/AntecoConnect/backend/vendor/laravel/framework/src/Illuminate/Container/BoundMethod.php(36): Illuminate/Database/Console/Migrations/MigrateCommand->handle()
#24 C:/Users/loose/OneDrive/Desktop/My_Projects/AntecoConnect/backend/vendor/laravel/framework/src/Illuminate/Container/Util.php(43): Illuminate/Container/BoundMethod::Illuminate/Container/{closure}()
#25 C:/Users/loose/OneDrive/Desktop/My_Projects/AntecoConnect/backend/vendor/laravel/framework/src/Illuminate/Container/BoundMethod.php(96): Illuminate/Container/Util::unwrapIfClosure(Object(Closure))
#26 C:/Users/loose/OneDrive/Desktop/My_Projects/AntecoConnect/backend/vendor/laravel/framework/src/Illuminate/Container/BoundMethod.php(35): Illuminate/Container/BoundMethod::callBoundMethod(Object(Illuminate/Foundation/Application), Array, Object(Closure))
#27 C:/Users/loose/OneDrive/Desktop/My_Projects/AntecoConnect/backend/vendor/laravel/framework/src/Illuminate/Container/Container.php(799): Illuminate/Container/BoundMethod::call(Object(Illuminate/Foundation/Application), Array, Array, NULL)
#28 C:/Users/loose/OneDrive/Desktop/My_Projects/AntecoConnect/backend/vendor/laravel/framework/src/Illuminate/Console/Command.php(211): Illuminate/Container/Container->call(Array)
#29 C:/Users/loose/OneDrive/Desktop/My_Projects/AntecoConnect/backend/vendor/symfony/console/Command/Command.php(341): Illuminate/Console/Command->execute(Object(Symfony/Component/Console/Input/ArgvInput), Object(Illuminate/Console/OutputStyle))
#30 C:/Users/loose/OneDrive/Desktop/My_Projects/AntecoConnect/backend/vendor/laravel/framework/src/Illuminate/Console/Command.php(180): Symfony/Component/Console/Command/Command->run(Object(Symfony/Component/Console/Input/ArgvInput), Object(Illuminate/Console/OutputStyle))
#31 C:/Users/loose/OneDrive/Desktop/My_Projects/AntecoConnect/backend/vendor/symfony/console/Application.php(1117): Illuminate/Console/Command->run(Object(Symfony/Component/Console/Input/ArgvInput), Object(Symfony/Component/Console/Output/ConsoleOutput))
#32 C:/Users/loose/OneDrive/Desktop/My_Projects/AntecoConnect/backend/vendor/symfony/console/Application.php(356): Symfony/Component/Console/Application->doRunCommand(Object(Illuminate/Database/Console/Migrations/MigrateCommand), Object(Symfony/Component/Console/Input/ArgvInput), Object(Symfony/Component/Console/Output/ConsoleOutput))
#33 C:/Users/loose/OneDrive/Desktop/My_Projects/AntecoConnect/backend/vendor/symfony/console/Application.php(195): Symfony/Component/Console/Application->doRun(Object(Symfony/Component/Console/Input/ArgvInput), Object(Symfony/Component/Console/Output/ConsoleOutput))
#34 C:/Users/loose/OneDrive/Desktop/My_Projects/AntecoConnect/backend/vendor/laravel/framework/src/Illuminate/Foundation/Console/Kernel.php(198): Symfony/Component/Console/Application->run(Object(Symfony/Component/Console/Input/ArgvInput), Object(Symfony/Component/Console/Output/ConsoleOutput))
#35 C:/Users/loose/OneDrive/Desktop/My_Projects/AntecoConnect/backend/vendor/laravel/framework/src/Illuminate/Foundation/Application.php(1235): Illuminate/Foundation/Console/Kernel->handle(Object(Symfony/Component/Console/Input/ArgvInput), Object(Symfony/Component/Console/Output/ConsoleOutput))
#36 C:/Users/loose/OneDrive/Desktop/My_Projects/AntecoConnect/backend/artisan(16): Illuminate/Foundation/Application->handleCommand(Object(Symfony/Component/Console/Input/ArgvInput))
#37 {main}
"} 
[2026-06-17 09:27:21] production.ERROR: Command "db:statement" is not defined.

Did you mean one of these?
    db
    db:monitor
    db:seed
    db:show
    db:table
    db:wipe {"exception":"[object] (Symfony\\Component\\Console\\Exception\\CommandNotFoundException(code: 0): Command \"db:statement\" is not defined.

Did you mean one of these?
    db
    db:monitor
    db:seed
    db:show
    db:table
    db:wipe at C:/Users/loose/OneDrive/Desktop/My_Projects/AntecoConnect/backend/vendor/symfony/console/Application.php:759)
[stacktrace]
#0 C:/Users/loose/OneDrive/Desktop/My_Projects/AntecoConnect/backend/vendor/symfony/console/Application.php(298): Symfony/Component/Console/Application->find('db:statement')
#1 C:/Users/loose/OneDrive/Desktop/My_Projects/AntecoConnect/backend/vendor/symfony/console/Application.php(195): Symfony/Component/Console/Application->doRun(Object(Symfony/Component/Console/Input/ArgvInput), Object(Symfony/Component/Console/Output/ConsoleOutput))
#2 C:/Users/loose/OneDrive/Desktop/My_Projects/AntecoConnect/backend/vendor/laravel/framework/src/Illuminate/Foundation/Console/Kernel.php(198): Symfony/Component/Console/Application->run(Object(Symfony/Component/Console/Input/ArgvInput), Object(Symfony/Component/Console/Output/ConsoleOutput))
#3 C:/Users/loose/OneDrive/Desktop/My_Projects/AntecoConnect/backend/vendor/laravel/framework/src/Illuminate/Foundation/Application.php(1235): Illuminate/Foundation/Console/Kernel->handle(Object(Symfony/Component/Console/Input/ArgvInput), Object(Symfony/Component/Console/Output/ConsoleOutput))
#4 C:/Users/loose/OneDrive/Desktop/My_Projects/AntecoConnect/backend/artisan(16): Illuminate/Foundation/Application->handleCommand(Object(Symfony/Component/Console/Input/ArgvInput))
#5 {main}
"} 
[2026-06-17 09:27:22] production.ERROR: Command "db:statement" is not defined.

Did you mean one of these?
    db
    db:monitor
    db:seed
    db:show
    db:table
    db:wipe {"exception":"[object] (Symfony\\Component\\Console\\Exception\\CommandNotFoundException(code: 0): Command \"db:statement\" is not defined.

Did you mean one of these?
    db
    db:monitor
    db:seed
    db:show
    db:table
    db:wipe at C:/Users/loose/OneDrive/Desktop/My_Projects/AntecoConnect/backend/vendor/symfony/console/Application.php:759)
[stacktrace]
#0 C:/Users/loose/OneDrive/Desktop/My_Projects/AntecoConnect/backend/vendor/symfony/console/Application.php(298): Symfony/Component/Console/Application->find('db:statement')
#1 C:/Users/loose/OneDrive/Desktop/My_Projects/AntecoConnect/backend/vendor/symfony/console/Application.php(195): Symfony/Component/Console/Application->doRun(Object(Symfony/Component/Console/Input/ArgvInput), Object(Symfony/Component/Console/Output/ConsoleOutput))
#2 C:/Users/loose/OneDrive/Desktop/My_Projects/AntecoConnect/backend/vendor/laravel/framework/src/Illuminate/Foundation/Console/Kernel.php(198): Symfony/Component/Console/Application->run(Object(Symfony/Component/Console/Input/ArgvInput), Object(Symfony/Component/Console/Output/ConsoleOutput))
#3 C:/Users/loose/OneDrive/Desktop/My_Projects/AntecoConnect/backend/vendor/laravel/framework/src/Illuminate/Foundation/Application.php(1235): Illuminate/Foundation/Console/Kernel->handle(Object(Symfony/Component/Console/Input/ArgvInput), Object(Symfony/Component/Console/Output/ConsoleOutput))
#4 C:/Users/loose/OneDrive/Desktop/My_Projects/AntecoConnect/backend/artisan(16): Illuminate/Foundation/Application->handleCommand(Object(Symfony/Component/Console/Input/ArgvInput))
#5 {main}
"} 
